#
# A fatal error has been detected by the Java Runtime Environment:
#
#  EXCEPTION_ACCESS_VIOLATION (0xc0000005) at pc=0x60b2e174, pid=8456, tid=0x0000372c
#
# JRE version: Java(TM) SE Runtime Environment (8.0_111-b14) (build 1.8.0_111-b14)
# Java VM: Java HotSpot(TM) Client VM (25.111-b14 mixed mode windows-x86 )
# Problematic frame:
# C  [jfxwebkit.dll+0x76e174]
#
# Failed to write core dump. Minidumps are not enabled by default on client versions of Windows
#
# If you would like to submit a bug report, please visit:
#   http://bugreport.java.com/bugreport/crash.jsp
# The crash happened outside the Java Virtual Machine in native code.
# See problematic frame for where to report the bug.
#

---------------  T H R E A D  ---------------

Current thread (0x15f8b000):  JavaThread "JavaFX Application Thread" [_thread_in_native, id=14124, stack(0x16b40000,0x16b90000)]

siginfo: ExceptionCode=0xc0000005, reading address 0x000001e0

Registers:
EAX=0x00000000, EBX=0x0000008c, ECX=0x17059a10, EDX=0x179ff710
ESP=0x16b8d628, EBP=0x16b8d6d4, ESI=0x1fc2f21c, EDI=0x179ff750
EIP=0x60b2e174, EFLAGS=0x00210202

Top of Stack: (sp=0x16b8d628)
0x16b8d628:   1fc2f21c 6062fc74 1fc2f21c 00000000
0x16b8d638:   60fe5d0c 60fe6274 16f08f40 16f08f40
0x16b8d648:   1e56cce0 00000000 00000000 17a0f440
0x16b8d658:   1e565340 00000000 60e439fe 1e58fa40
0x16b8d668:   1fb503d4 1fb503d4 1fc2f21c 17a0f401
0x16b8d678:   179ff710 179ff750 179ff750 0000007c
0x16b8d688:   1e5cfde0 00000000 208718b0 fffffffb
0x16b8d698:   20871940 fffffffb 16f08f50 60e40cc7 

Instructions: (pc=0x60b2e174)
0x60b2e154:   50 14 8b 46 38 8b 4c 24 0c 64 89 0d 00 00 00 00
0x60b2e164:   59 5e 83 c4 10 c3 cc cc cc cc cc cc 8b 41 04 56
0x60b2e174:   8b 88 e0 01 00 00 e8 21 e5 d9 ff 8b f0 e8 ba 6e
0x60b2e184:   37 00 83 ec 08 8d 8e 80 05 00 00 dd 1c 24 e8 b9 


Register to memory mapping:

EAX=0x00000000 is an unknown value
EBX=0x0000008c is an unknown value
ECX=0x17059a10 is an unknown value
EDX=0x179ff710 is an unknown value
ESP=0x16b8d628 is pointing into the stack for thread: 0x15f8b000
EBP=0x16b8d6d4 is pointing into the stack for thread: 0x15f8b000
ESI=0x1fc2f21c is an unknown value
EDI=0x179ff750 is an unknown value


Stack: [0x16b40000,0x16b90000],  sp=0x16b8d628,  free space=309k
Native frames: (J=compiled Java code, j=interpreted, Vv=VM code, C=native code)
C  [jfxwebkit.dll+0x76e174]
C  [jfxwebkit.dll+0xbf9edd]
C  0x20407a10

Java frames: (J=compiled Java code, j=interpreted, Vv=VM code)
j  com.sun.webkit.WebPage.twkProcessMouseEvent(JIIIIIIIZZZZZF)Z+0
j  com.sun.webkit.WebPage.dispatchMouseEvent(Lcom/sun/webkit/event/WCMouseEvent;)Z+141
j  javafx.scene.web.WebView.processMouseEvent(Ljavafx/scene/input/MouseEvent;)V+175
j  javafx.scene.web.WebView.lambda$registerEventHandlers$32(Ljavafx/scene/input/MouseEvent;)V+2
j  javafx.scene.web.WebView$$Lambda$137.handle(Ljavafx/event/Event;)V+8
j  com.sun.javafx.event.CompositeEventHandler$NormalEventHandlerRecord.handleBubblingEvent(Ljavafx/event/Event;)V+5
j  com.sun.javafx.event.CompositeEventHandler.dispatchBubblingEvent(Ljavafx/event/Event;)V+28
j  com.sun.javafx.event.EventHandlerManager.dispatchBubblingEvent(Ljavafx/event/EventType;Ljavafx/event/Event;)Ljavafx/event/Event;+29
j  com.sun.javafx.event.EventHandlerManager.dispatchBubblingEvent(Ljavafx/event/Event;)Ljavafx/event/Event;+8
j  com.sun.javafx.event.CompositeEventDispatcher.dispatchBubblingEvent(Ljavafx/event/Event;)Ljavafx/event/Event;+11
j  com.sun.javafx.event.BasicEventDispatcher.dispatchEvent(Ljavafx/event/Event;Ljavafx/event/EventDispatchChain;)Ljavafx/event/Event;+29
j  com.sun.javafx.event.EventDispatchChainImpl.dispatchEvent(Ljavafx/event/Event;)Ljavafx/event/Event;+69
j  com.sun.javafx.event.BasicEventDispatcher.dispatchEvent(Ljavafx/event/Event;Ljavafx/event/EventDispatchChain;)Ljavafx/event/Event;+17
j  com.sun.javafx.event.EventDispatchChainImpl.dispatchEvent(Ljavafx/event/Event;)Ljavafx/event/Event;+69
j  com.sun.javafx.event.BasicEventDispatcher.dispatchEvent(Ljavafx/event/Event;Ljavafx/event/EventDispatchChain;)Ljavafx/event/Event;+17
j  com.sun.javafx.event.EventDispatchChainImpl.dispatchEvent(Ljavafx/event/Event;)Ljavafx/event/Event;+69
j  com.sun.javafx.event.EventUtil.fireEventImpl(Ljavafx/event/EventDispatchChain;Ljavafx/event/EventTarget;Ljavafx/event/Event;)Ljavafx/event/Event;+10
j  com.sun.javafx.event.EventUtil.fireEvent(Ljavafx/event/EventTarget;Ljavafx/event/Event;)Ljavafx/event/Event;+46
j  javafx.event.Event.fireEvent(Ljavafx/event/EventTarget;Ljavafx/event/Event;)V+30
j  javafx.scene.Scene$MouseHandler.process(Ljavafx/scene/input/MouseEvent;Z)V+491
j  javafx.scene.Scene$MouseHandler.access$1500(Ljavafx/scene/Scene$MouseHandler;Ljavafx/scene/input/MouseEvent;Z)V+3
j  javafx.scene.Scene.impl_processMouseEvent(Ljavafx/scene/input/MouseEvent;)V+6
j  javafx.scene.Scene$ScenePeerListener.mouseEvent(Ljavafx/event/EventType;DDDDLjavafx/scene/input/MouseButton;ZZZZZZZZZ)V+46
j  com.sun.javafx.tk.quantum.EmbeddedScene.lambda$null$294(IIIIIIZZZZIZZZZ)Ljava/lang/Void;+132
j  com.sun.javafx.tk.quantum.EmbeddedScene$$Lambda$243.run()Ljava/lang/Object;+64
v  ~StubRoutines::call_stub
J 769  java.security.AccessController.doPrivileged(Ljava/security/PrivilegedAction;Ljava/security/AccessControlContext;)Ljava/lang/Object; (0 bytes) @ 0x03186987 [0x03186920+0x67]
j  com.sun.javafx.tk.quantum.EmbeddedScene.lambda$mouseEvent$295(IIIIIIZZZZIZZZZ)V+37
j  com.sun.javafx.tk.quantum.EmbeddedScene$$Lambda$242.run()V+64
j  com.sun.javafx.application.PlatformImpl.lambda$null$173(Ljava/lang/Runnable;)Ljava/lang/Void;+1
j  com.sun.javafx.application.PlatformImpl$$Lambda$106.run()Ljava/lang/Object;+4
v  ~StubRoutines::call_stub
J 769  java.security.AccessController.doPrivileged(Ljava/security/PrivilegedAction;Ljava/security/AccessControlContext;)Ljava/lang/Object; (0 bytes) @ 0x03186987 [0x03186920+0x67]
j  com.sun.javafx.application.PlatformImpl.lambda$runLater$174(Ljava/lang/Runnable;Ljava/security/AccessControlContext;)V+7
j  com.sun.javafx.application.PlatformImpl$$Lambda$105.run()V+8
j  com.sun.glass.ui.InvokeLaterDispatcher$Future.run()V+4
v  ~StubRoutines::call_stub
j  com.sun.glass.ui.win.WinApplication._runLoop(Ljava/lang/Runnable;)V+0
j  com.sun.glass.ui.win.WinApplication.lambda$null$148(ILjava/lang/Runnable;)V+8
j  com.sun.glass.ui.win.WinApplication$$Lambda$93.run()V+12
j  java.lang.Thread.run()V+11
v  ~StubRoutines::call_stub

---------------  P R O C E S S  ---------------

Java Threads: ( => current thread )
  0x189ff800 JavaThread "URL-Loader-20" daemon [_thread_in_native, id=15640, stack(0x23ad0000,0x23b20000)]
  0x189fe400 JavaThread "URL-Loader-19" daemon [_thread_blocked, id=15572, stack(0x23960000,0x239b0000)]
  0x189ff000 JavaThread "URL-Loader-18" daemon [_thread_blocked, id=17348, stack(0x23580000,0x235d0000)]
  0x18a02800 JavaThread "URL-Loader-17" daemon [_thread_blocked, id=15692, stack(0x234f0000,0x23540000)]
  0x18a01400 JavaThread "URL-Loader-16" daemon [_thread_blocked, id=1524, stack(0x22a00000,0x22a50000)]
  0x18a02000 JavaThread "URL-Loader-15" daemon [_thread_blocked, id=5128, stack(0x22970000,0x229c0000)]
  0x18703c00 JavaThread "URL-Loader-14" daemon [_thread_blocked, id=13076, stack(0x228e0000,0x22930000)]
  0x18703000 JavaThread "URL-Loader-13" daemon [_thread_blocked, id=3164, stack(0x22850000,0x228a0000)]
  0x18701000 JavaThread "URL-Loader-12" daemon [_thread_blocked, id=14108, stack(0x227c0000,0x22810000)]
  0x18700000 JavaThread "Prism Font Disposer" daemon [_thread_blocked, id=6240, stack(0x21e10000,0x21e60000)]
  0x18706400 JavaThread "URL-Loader-11" daemon [_thread_blocked, id=6688, stack(0x20a90000,0x20ae0000)]
  0x18702c00 JavaThread "URL-Loader-10" daemon [_thread_blocked, id=17756, stack(0x20a00000,0x20a50000)]
  0x18701800 JavaThread "URL-Loader-9" daemon [_thread_blocked, id=8920, stack(0x20950000,0x209a0000)]
  0x18705c00 JavaThread "URL-Loader-8" daemon [_thread_blocked, id=12212, stack(0x207c0000,0x20810000)]
  0x18702400 JavaThread "URL-Loader-7" daemon [_thread_blocked, id=20328, stack(0x20730000,0x20780000)]
  0x18707400 JavaThread "Thread-9" daemon [_thread_in_native, id=8956, stack(0x206a0000,0x206f0000)]
  0x18703800 JavaThread "Keep-Alive-Timer" daemon [_thread_blocked, id=8528, stack(0x1fbb0000,0x1fc00000)]
  0x18705800 JavaThread "URL-Loader-6" daemon [_thread_blocked, id=17500, stack(0x1f720000,0x1f770000)]
  0x18707000 JavaThread "URL-Loader-5" daemon [_thread_blocked, id=19000, stack(0x1f110000,0x1f160000)]
  0x18706800 JavaThread "URL-Loader-4" daemon [_thread_blocked, id=7212, stack(0x1f080000,0x1f0d0000)]
  0x18704800 JavaThread "URL-Loader-3" daemon [_thread_blocked, id=1328, stack(0x1eff0000,0x1f040000)]
  0x18701c00 JavaThread "URL-Loader-2" daemon [_thread_blocked, id=19436, stack(0x1e9b0000,0x1ea00000)]
  0x18700c00 JavaThread "Watchdog-Timer-1" daemon [_thread_blocked, id=19136, stack(0x1e8e0000,0x1e930000)]
  0x18700400 JavaThread "Image Fetcher 1" daemon [_thread_blocked, id=1468, stack(0x1e310000,0x1e360000)]
  0x18704400 JavaThread "Image Fetcher 0" daemon [_thread_blocked, id=7020, stack(0x1e280000,0x1e2d0000)]
  0x18705000 JavaThread "URL-Loader-1" daemon [_thread_blocked, id=19132, stack(0x17d30000,0x17d80000)]
  0x15f8bc00 JavaThread "Disposer" daemon [_thread_blocked, id=19896, stack(0x17aa0000,0x17af0000)]
  0x15f8b800 JavaThread "Thread-7" daemon [_thread_in_native, id=5180, stack(0x17420000,0x17470000)]
=>0x15f8b000 JavaThread "JavaFX Application Thread" [_thread_in_native, id=14124, stack(0x16b40000,0x16b90000)]
  0x15f8c400 JavaThread "Thread-6" daemon [_thread_blocked, id=20220, stack(0x169a0000,0x169f0000)]
  0x15f8ac00 JavaThread "QuantumRenderer-0" daemon [_thread_blocked, id=20332, stack(0x01460000,0x014b0000)]
  0x1610ec00 JavaThread "Java Sound Event Dispatcher" daemon [_thread_blocked, id=8148, stack(0x168a0000,0x168f0000)]
  0x02e7d000 JavaThread "DestroyJavaVM" [_thread_blocked, id=16124, stack(0x02d60000,0x02db0000)]
  0x16122800 JavaThread "TimerQueue" daemon [_thread_blocked, id=19616, stack(0x19050000,0x190a0000)]
  0x15ffd400 JavaThread "mysql-cj-abandoned-connection-cleanup" daemon [_thread_blocked, id=5684, stack(0x183c0000,0x18410000)]
  0x15ffd000 JavaThread "Abandoned connection cleanup thread" daemon [_thread_blocked, id=18448, stack(0x18330000,0x18380000)]
  0x15f17c00 JavaThread "AWT-EventQueue-0" [_thread_blocked, id=5940, stack(0x17e00000,0x17e50000)]
  0x15850800 JavaThread "AWT-Windows" daemon [_thread_in_native, id=12812, stack(0x163e0000,0x16430000)]
  0x15e71c00 JavaThread "AWT-Shutdown" [_thread_blocked, id=9064, stack(0x16320000,0x16370000)]
  0x15e70c00 JavaThread "Java2D Disposer" daemon [_thread_blocked, id=10804, stack(0x16290000,0x162e0000)]
  0x156a7c00 JavaThread "Service Thread" daemon [_thread_blocked, id=18996, stack(0x15c00000,0x15c50000)]
  0x1568f400 JavaThread "C1 CompilerThread0" daemon [_thread_blocked, id=19880, stack(0x15b70000,0x15bc0000)]
  0x1568dc00 JavaThread "Attach Listener" daemon [_thread_blocked, id=13580, stack(0x15ae0000,0x15b30000)]
  0x1568c000 JavaThread "Signal Dispatcher" daemon [_thread_blocked, id=12064, stack(0x15a50000,0x15aa0000)]
  0x15679800 JavaThread "Finalizer" daemon [_thread_blocked, id=13424, stack(0x158a0000,0x158f0000)]
  0x15663800 JavaThread "Reference Handler" daemon [_thread_blocked, id=13916, stack(0x05180000,0x051d0000)]

Other Threads:
  0x02fdc800 VMThread [stack: 0x050f0000,0x05140000] [id=18776]
  0x156bb800 WatcherThread [stack: 0x15c90000,0x15ce0000] [id=19072]

VM state:not at safepoint (normal execution)

VM Mutex/Monitor currently owned by a thread: None

Heap:
 def new generation   total 29184K, used 994K [0x05200000, 0x071a0000, 0x0a750000)
  eden space 25984K,   3% used [0x05200000, 0x052f88f8, 0x06b60000)
  from space 3200K,   0% used [0x06b60000, 0x06b60000, 0x06e80000)
  to   space 3200K,   0% used [0x06e80000, 0x06e80000, 0x071a0000)
 tenured generation   total 64628K, used 38775K [0x0a750000, 0x0e66d000, 0x15200000)
   the space 64628K,  59% used [0x0a750000, 0x0cd2dee0, 0x0cd2e000, 0x0e66d000)
 Metaspace       used 21861K, capacity 22553K, committed 22656K, reserved 22912K

Card table byte_map: [0x05060000,0x050f0000] byte_map_base: 0x05037000

Polling page: 0x01370000

CodeCache: size=32768Kb used=3257Kb max_used=3257Kb free=29510Kb
 bounds [0x02fe0000, 0x03310000, 0x04fe0000]
 total_blobs=2132 nmethods=1648 adapters=413
 compilation: enabled

Compilation events (10 events):
Event: 91.561 Thread 0x1568f400 1674             java.util.WeakHashMap::size (18 bytes)
Event: 91.561 Thread 0x1568f400 nmethod 1674 0x0330e688 code [0x0330e790, 0x0330e84c]
Event: 91.673 Thread 0x1568f400 1675             java.util.WeakHashMap$EntryIterator::next (5 bytes)
Event: 91.673 Thread 0x1568f400 nmethod 1675 0x0330e8c8 code [0x0330e9c0, 0x0330ea4c]
Event: 91.673 Thread 0x1568f400 1676             java.util.WeakHashMap$EntryIterator::next (5 bytes)
Event: 91.674 Thread 0x1568f400 nmethod 1676 0x0330eac8 code [0x0330ebc0, 0x0330ec4c]
Event: 91.674 Thread 0x1568f400 1677             java.util.WeakHashMap$Entry::getValue (5 bytes)
Event: 91.674 Thread 0x1568f400 nmethod 1677 0x0330ecc8 code [0x0330edc0, 0x0330ee40]
Event: 91.801 Thread 0x1568f400 1678             java.lang.invoke.LambdaForm$MH/3382368::linkToTargetMethod (9 bytes)
Event: 91.801 Thread 0x1568f400 nmethod 1678 0x0330ee88 code [0x0330ef90, 0x0330f058]

GC Heap History (10 events):
Event: 88.831 GC heap before
{Heap before GC invocations=24 (full 3):
 def new generation   total 24576K, used 22007K [0x05200000, 0x06ca0000, 0x0a750000)
  eden space 21888K,  99% used [0x05200000, 0x06755cc8, 0x06760000)
  from space 2688K,   5% used [0x06a00000, 0x06a28068, 0x06ca0000)
  to   space 2688K,   0% used [0x06760000, 0x06760000, 0x06a00000)
 tenured generation   total 54408K, used 42587K [0x0a750000, 0x0dc72000, 0x15200000)
   the space 54408K,  78% used [0x0a750000, 0x0d0e6f50, 0x0d0e7000, 0x0dc72000)
 Metaspace       used 20803K, capacity 21369K, committed 21504K, reserved 21888K
Event: 88.832 GC heap after
Heap after GC invocations=25 (full 3):
 def new generation   total 24576K, used 169K [0x05200000, 0x06ca0000, 0x0a750000)
  eden space 21888K,   0% used [0x05200000, 0x05200000, 0x06760000)
  from space 2688K,   6% used [0x06760000, 0x0678a588, 0x06a00000)
  to   space 2688K,   0% used [0x06a00000, 0x06a00000, 0x06ca0000)
 tenured generation   total 54408K, used 42587K [0x0a750000, 0x0dc72000, 0x15200000)
   the space 54408K,  78% used [0x0a750000, 0x0d0e6f50, 0x0d0e7000, 0x0dc72000)
 Metaspace       used 20803K, capacity 21369K, committed 21504K, reserved 21888K
}
Event: 88.835 GC heap before
{Heap before GC invocations=25 (full 3):
 def new generation   total 24576K, used 21976K [0x05200000, 0x06ca0000, 0x0a750000)
  eden space 21888K,  99% used [0x05200000, 0x0674bd68, 0x06760000)
  from space 2688K,   6% used [0x06760000, 0x0678a588, 0x06a00000)
  to   space 2688K,   0% used [0x06a00000, 0x06a00000, 0x06ca0000)
 tenured generation   total 54408K, used 42587K [0x0a750000, 0x0dc72000, 0x15200000)
   the space 54408K,  78% used [0x0a750000, 0x0d0e6f50, 0x0d0e7000, 0x0dc72000)
 Metaspace       used 20803K, capacity 21369K, committed 21504K, reserved 21888K
Event: 88.836 GC heap after
Heap after GC invocations=26 (full 3):
 def new generation   total 24576K, used 178K [0x05200000, 0x06ca0000, 0x0a750000)
  eden space 21888K,   0% used [0x05200000, 0x05200000, 0x06760000)
  from space 2688K,   6% used [0x06a00000, 0x06a2c8b0, 0x06ca0000)
  to   space 2688K,   0% used [0x06760000, 0x06760000, 0x06a00000)
 tenured generation   total 54408K, used 42587K [0x0a750000, 0x0dc72000, 0x15200000)
   the space 54408K,  78% used [0x0a750000, 0x0d0e6f50, 0x0d0e7000, 0x0dc72000)
 Metaspace       used 20803K, capacity 21369K, committed 21504K, reserved 21888K
}
Event: 88.839 GC heap before
{Heap before GC invocations=26 (full 3):
 def new generation   total 24576K, used 21948K [0x05200000, 0x06ca0000, 0x0a750000)
  eden space 21888K,  99% used [0x05200000, 0x06742970, 0x06760000)
  from space 2688K,   6% used [0x06a00000, 0x06a2c8b0, 0x06ca0000)
  to   space 2688K,   0% used [0x06760000, 0x06760000, 0x06a00000)
 tenured generation   total 54408K, used 42587K [0x0a750000, 0x0dc72000, 0x15200000)
   the space 54408K,  78% used [0x0a750000, 0x0d0e6f50, 0x0d0e7000, 0x0dc72000)
 Metaspace       used 20803K, capacity 21369K, committed 21504K, reserved 21888K
Event: 88.840 GC heap after
Heap after GC invocations=27 (full 3):
 def new generation   total 24576K, used 186K [0x05200000, 0x06ca0000, 0x0a750000)
  eden space 21888K,   0% used [0x05200000, 0x05200000, 0x06760000)
  from space 2688K,   6% used [0x06760000, 0x0678ea28, 0x06a00000)
  to   space 2688K,   0% used [0x06a00000, 0x06a00000, 0x06ca0000)
 tenured generation   total 54408K, used 42587K [0x0a750000, 0x0dc72000, 0x15200000)
   the space 54408K,  78% used [0x0a750000, 0x0d0e6f50, 0x0d0e7000, 0x0dc72000)
 Metaspace       used 20803K, capacity 21369K, committed 21504K, reserved 21888K
}
Event: 89.514 GC heap before
{Heap before GC invocations=27 (full 3):
 def new generation   total 24576K, used 22074K [0x05200000, 0x06ca0000, 0x0a750000)
  eden space 21888K, 100% used [0x05200000, 0x06760000, 0x06760000)
  from space 2688K,   6% used [0x06760000, 0x0678ea28, 0x06a00000)
  to   space 2688K,   0% used [0x06a00000, 0x06a00000, 0x06ca0000)
 tenured generation   total 54408K, used 42587K [0x0a750000, 0x0dc72000, 0x15200000)
   the space 54408K,  78% used [0x0a750000, 0x0d0e6f50, 0x0d0e7000, 0x0dc72000)
 Metaspace       used 20939K, capacity 21559K, committed 21632K, reserved 21888K
Event: 89.517 GC heap after
Heap after GC invocations=28 (full 3):
 def new generation   total 24576K, used 1088K [0x05200000, 0x06ca0000, 0x0a750000)
  eden space 21888K,   0% used [0x05200000, 0x05200000, 0x06760000)
  from space 2688K,  40% used [0x06a00000, 0x06b10108, 0x06ca0000)
  to   space 2688K,   0% used [0x06760000, 0x06760000, 0x06a00000)
 tenured generation   total 54408K, used 42587K [0x0a750000, 0x0dc72000, 0x15200000)
   the space 54408K,  78% used [0x0a750000, 0x0d0e6f50, 0x0d0e7000, 0x0dc72000)
 Metaspace       used 20939K, capacity 21559K, committed 21632K, reserved 21888K
}
Event: 91.439 GC heap before
{Heap before GC invocations=28 (full 3):
 def new generation   total 24576K, used 13771K [0x05200000, 0x06ca0000, 0x0a750000)
  eden space 21888K,  57% used [0x05200000, 0x05e62b80, 0x06760000)
  from space 2688K,  40% used [0x06a00000, 0x06b10108, 0x06ca0000)
  to   space 2688K,   0% used [0x06760000, 0x06760000, 0x06a00000)
 tenured generation   total 54408K, used 42587K [0x0a750000, 0x0dc72000, 0x15200000)
   the space 54408K,  78% used [0x0a750000, 0x0d0e6f50, 0x0d0e7000, 0x0dc72000)
 Metaspace       used 21750K, capacity 22390K, committed 22400K, reserved 22912K
Event: 91.475 GC heap after
Heap after GC invocations=29 (full 4):
 def new generation   total 29184K, used 0K [0x05200000, 0x071a0000, 0x0a750000)
  eden space 25984K,   0% used [0x05200000, 0x05200000, 0x06b60000)
  from space 3200K,   0% used [0x06b60000, 0x06b60000, 0x06e80000)
  to   space 3200K,   0% used [0x06e80000, 0x06e80000, 0x071a0000)
 tenured generation   total 64628K, used 38775K [0x0a750000, 0x0e66d000, 0x15200000)
   the space 64628K,  59% used [0x0a750000, 0x0cd2dee0, 0x0cd2e000, 0x0e66d000)
 Metaspace       used 21747K, capacity 22385K, committed 22400K, reserved 22912K
}

Deoptimization events (0 events):
No events

Internal exceptions (10 events):
Event: 87.844 Thread 0x15f8b000 Implicit null exception at 0x0310d532 to 0x0310d7c1
Event: 88.876 Thread 0x18705000 Implicit null exception at 0x032ba68c to 0x032bb530
Event: 89.479 Thread 0x18707400 Exception <a 'sun/nio/fs/WindowsException'> (0x066ed860) thrown at [C:\re\workspace\8-2-build-windows-i586-cygwin\jdk8u111\7883\hotspot\src\share\vm\prims\jni.cpp, line 709]
Event: 89.487 Thread 0x18702400 Exception <a 'java/lang/ClassNotFoundException': sun/net/www/protocol/data/Handler> (0x06708830) thrown at [C:\re\workspace\8-2-build-windows-i586-cygwin\jdk8u111\7883\hotspot\src\share\vm\classfile\systemDictionary.cpp, line 210]
Event: 89.488 Thread 0x18705c00 Exception <a 'java/lang/ClassNotFoundException': sun/net/www/protocol/data/Handler> (0x06725260) thrown at [C:\re\workspace\8-2-build-windows-i586-cygwin\jdk8u111\7883\hotspot\src\share\vm\classfile\systemDictionary.cpp, line 210]
Event: 89.489 Thread 0x18702400 Exception <a 'java/lang/ClassNotFoundException': sun/net/www/protocol/data/Handler> (0x067127a8) thrown at [C:\re\workspace\8-2-build-windows-i586-cygwin\jdk8u111\7883\hotspot\src\share\vm\classfile\systemDictionary.cpp, line 210]
Event: 89.489 Thread 0x18705c00 Exception <a 'java/lang/ClassNotFoundException': sun/net/www/protocol/data/Handler> (0x0672d878) thrown at [C:\re\workspace\8-2-build-windows-i586-cygwin\jdk8u111\7883\hotspot\src\share\vm\classfile\systemDictionary.cpp, line 210]
Event: 90.145 Thread 0x15f8b000 Exception <a 'java/lang/ClassNotFoundException': sun/net/www/protocol/about/Handler> (0x05d0d350) thrown at [C:\re\workspace\8-2-build-windows-i586-cygwin\jdk8u111\7883\hotspot\src\share\vm\classfile\systemDictionary.cpp, line 210]
Event: 90.154 Thread 0x15f8b000 Exception <a 'java/lang/ClassNotFoundException': sun/net/www/protocol/whatsapp/Handler> (0x05d22090) thrown at [C:\re\workspace\8-2-build-windows-i586-cygwin\jdk8u111\7883\hotspot\src\share\vm\classfile\systemDictionary.cpp, line 210]
Event: 90.489 Thread 0x18707400 Exception <a 'sun/nio/fs/WindowsException'> (0x05d2d240) thrown at [C:\re\workspace\8-2-build-windows-i586-cygwin\jdk8u111\7883\hotspot\src\share\vm\prims\jni.cpp, line 709]

Events (10 events):
Event: 91.796 loading class javafx/scene/Scene$ClickCounter done
Event: 91.898 loading class javafx/scene/web/WebEngine
Event: 91.898 loading class javafx/scene/web/WebEngine done
Event: 91.898 loading class javafx/scene/web/WebEngine
Event: 91.898 loading class javafx/scene/web/WebEngine done
Event: 91.898 loading class javafx/scene/web/WebEngine
Event: 91.898 loading class javafx/scene/web/WebEngine done
Event: 91.898 loading class com/sun/javafx/geometry/BoundsUtils
Event: 91.898 loading class com/sun/javafx/geometry/BoundsUtils done
Event: 91.901 Thread 0x189ff800 Thread added: 0x189ff800


Dynamic libraries:
0x002f0000 - 0x00323000 	D:\jdk1.8.0_111\bin\java.exe
0x77ba0000 - 0x77d43000 	C:\WINDOWS\SYSTEM32\ntdll.dll
0x764d0000 - 0x765c0000 	C:\WINDOWS\System32\KERNEL32.DLL
0x77180000 - 0x77394000 	C:\WINDOWS\System32\KERNELBASE.dll
0x759c0000 - 0x75a5f000 	C:\WINDOWS\SYSTEM32\apphelp.dll
0x77a80000 - 0x77afa000 	C:\WINDOWS\System32\ADVAPI32.dll
0x766c0000 - 0x7677f000 	C:\WINDOWS\System32\msvcrt.dll
0x779c0000 - 0x77a35000 	C:\WINDOWS\System32\sechost.dll
0x75c40000 - 0x75cff000 	C:\WINDOWS\System32\RPCRT4.dll
0x76c60000 - 0x76e00000 	C:\WINDOWS\System32\USER32.dll
0x773a0000 - 0x773b8000 	C:\WINDOWS\System32\win32u.dll
0x76c20000 - 0x76c44000 	C:\WINDOWS\System32\GDI32.dll
0x76880000 - 0x7695e000 	C:\WINDOWS\System32\gdi32full.dll
0x76330000 - 0x763ab000 	C:\WINDOWS\System32\msvcp_win.dll
0x76b00000 - 0x76c20000 	C:\WINDOWS\System32\ucrtbase.dll
0x75770000 - 0x75980000 	C:\WINDOWS\WinSxS\x86_microsoft.windows.common-controls_6595b64144ccf1df_6.0.19041.1110_none_a8625c1886757984\COMCTL32.dll
0x77930000 - 0x77955000 	C:\WINDOWS\System32\IMM32.DLL
0x74880000 - 0x7493f000 	D:\jdk1.8.0_111\jre\bin\msvcr100.dll
0x73df0000 - 0x741bd000 	D:\jdk1.8.0_111\jre\bin\client\jvm.dll
0x76c50000 - 0x76c56000 	C:\WINDOWS\System32\PSAPI.DLL
0x74a20000 - 0x74a28000 	C:\WINDOWS\SYSTEM32\WSOCK32.dll
0x74310000 - 0x74318000 	C:\WINDOWS\SYSTEM32\VERSION.dll
0x75980000 - 0x759a8000 	C:\WINDOWS\SYSTEM32\WINMM.dll
0x77b00000 - 0x77b63000 	C:\WINDOWS\System32\WS2_32.dll
0x74a10000 - 0x74a1c000 	D:\jdk1.8.0_111\jre\bin\verify.dll
0x74810000 - 0x74831000 	D:\jdk1.8.0_111\jre\bin\java.dll
0x747f0000 - 0x74803000 	D:\jdk1.8.0_111\jre\bin\zip.dll
0x75d20000 - 0x762d6000 	C:\WINDOWS\System32\SHELL32.dll
0x74e10000 - 0x7541c000 	C:\WINDOWS\SYSTEM32\windows.storage.dll
0x76ef0000 - 0x77171000 	C:\WINDOWS\System32\combase.dll
0x74de0000 - 0x74e05000 	C:\WINDOWS\SYSTEM32\Wldp.dll
0x76440000 - 0x764c7000 	C:\WINDOWS\System32\SHCORE.dll
0x75bf0000 - 0x75c35000 	C:\WINDOWS\System32\shlwapi.dll
0x74dc0000 - 0x74dd8000 	C:\WINDOWS\SYSTEM32\profapi.dll
0x74370000 - 0x744b6000 	D:\jdk1.8.0_111\jre\bin\awt.dll
0x767e0000 - 0x76876000 	C:\WINDOWS\System32\OLEAUT32.dll
0x73ca0000 - 0x73cc6000 	C:\WINDOWS\system32\DWMAPI.DLL
0x73a90000 - 0x73b04000 	C:\WINDOWS\system32\uxtheme.dll
0x76960000 - 0x76a34000 	C:\WINDOWS\System32\MSCTF.dll
0x76e00000 - 0x76ee3000 	C:\WINDOWS\System32\ole32.dll
0x759b0000 - 0x759bf000 	C:\WINDOWS\SYSTEM32\kernel.appcore.dll
0x76aa0000 - 0x76aff000 	C:\WINDOWS\System32\bcryptPrimitives.dll
0x70630000 - 0x70656000 	D:\jdk1.8.0_111\jre\bin\jpeg.dll
0x74760000 - 0x74799000 	D:\jdk1.8.0_111\jre\bin\fontmanager.dll
0x747d0000 - 0x747e6000 	D:\jdk1.8.0_111\jre\bin\net.dll
0x74b70000 - 0x74bc2000 	C:\WINDOWS\system32\mswsock.dll
0x74a00000 - 0x74a0f000 	D:\jdk1.8.0_111\jre\bin\nio.dll
0x74720000 - 0x74752000 	D:\jdk1.8.0_111\jre\bin\t2k.dll
0x74550000 - 0x74574000 	D:\jdk1.8.0_111\jre\bin\dcpr.dll
0x70bb0000 - 0x70bb8000 	D:\Internet Download Manager\idmmkb.dll
0x73990000 - 0x73a49000 	C:\WINDOWS\SYSTEM32\textinputframework.dll
0x732f0000 - 0x7356e000 	C:\WINDOWS\System32\CoreUIComponents.dll
0x73250000 - 0x732eb000 	C:\WINDOWS\System32\CoreMessaging.dll
0x73170000 - 0x7324b000 	C:\WINDOWS\SYSTEM32\wintypes.dll
0x74d90000 - 0x74db9000 	C:\WINDOWS\SYSTEM32\ntmarta.dll
0x77800000 - 0x7787e000 	C:\WINDOWS\System32\clbcatq.dll
0x72870000 - 0x729e1000 	C:\WINDOWS\SYSTEM32\WindowsCodecs.dll
0x75d00000 - 0x75d19000 	C:\WINDOWS\System32\bcrypt.dll
0x72830000 - 0x72861000 	C:\WINDOWS\system32\dataexchange.dll
0x72650000 - 0x72830000 	C:\WINDOWS\system32\d3d11.dll
0x724e0000 - 0x72645000 	C:\WINDOWS\system32\dcomp.dll
0x72410000 - 0x724d3000 	C:\WINDOWS\system32\dxgi.dll
0x72280000 - 0x7240f000 	C:\WINDOWS\system32\twinapi.appcore.dll
0x73110000 - 0x73163000 	C:\WINDOWS\system32\Oleacc.dll
0x730b0000 - 0x730ba000 	D:\jdk1.8.0_111\jre\bin\jsound.dll
0x71200000 - 0x71209000 	D:\jdk1.8.0_111\jre\bin\jsoundds.dll
0x670a0000 - 0x6711f000 	C:\WINDOWS\SYSTEM32\DSOUND.dll
0x741d0000 - 0x74214000 	C:\WINDOWS\SYSTEM32\powrprof.dll
0x67910000 - 0x6792d000 	C:\WINDOWS\SYSTEM32\winmmbase.dll
0x741c0000 - 0x741cd000 	C:\WINDOWS\SYSTEM32\UMPDC.dll
0x70780000 - 0x707eb000 	C:\WINDOWS\SYSTEM32\MMDevAPI.DLL
0x709a0000 - 0x709cb000 	C:\WINDOWS\SYSTEM32\DEVOBJ.dll
0x77a40000 - 0x77a7b000 	C:\WINDOWS\System32\cfgmgr32.dll
0x67150000 - 0x6718a000 	C:\WINDOWS\SYSTEM32\wdmaud.drv
0x67900000 - 0x67907000 	C:\WINDOWS\SYSTEM32\ksuser.dll
0x6f3d0000 - 0x6f3d8000 	C:\WINDOWS\SYSTEM32\AVRT.dll
0x66f60000 - 0x67096000 	C:\WINDOWS\SYSTEM32\AUDIOSES.DLL
0x678f0000 - 0x678fa000 	C:\WINDOWS\SYSTEM32\msacm32.drv
0x66f40000 - 0x66f59000 	C:\WINDOWS\SYSTEM32\MSACM32.dll
0x678e0000 - 0x678e8000 	C:\WINDOWS\SYSTEM32\midimap.dll
0x67140000 - 0x6714f000 	C:\WINDOWS\SYSTEM32\resourcepolicyclient.dll
0x6e190000 - 0x6e283000 	C:\Windows\System32\Windows.UI.dll
0x6e110000 - 0x6e183000 	C:\Windows\System32\WindowManagementAPI.dll
0x708b0000 - 0x7099d000 	C:\Windows\System32\InputHost.dll
0x720d0000 - 0x72192000 	C:\Windows\System32\PROPSYS.dll
0x66e50000 - 0x66f3e000 	D:\jdk1.8.0_111\jre\bin\msvcr120.dll
0x66dd0000 - 0x66e41000 	D:\jdk1.8.0_111\jre\bin\msvcp120.dll
0x66db0000 - 0x66dce000 	D:\jdk1.8.0_111\jre\bin\prism_d3d.dll
0x66c20000 - 0x66db0000 	C:\WINDOWS\system32\d3d9.dll
0x66ae0000 - 0x66c1a000 	C:\WINDOWS\System32\DriverStore\FileRepository\iigd_dch.inf_amd64_68bcc6f9f228b6f0\igdumdim32.dll
0x62490000 - 0x66ad5000 	C:\WINDOWS\System32\DriverStore\FileRepository\iigd_dch.inf_amd64_68bcc6f9f228b6f0\igd9dxva32.dll
0x773c0000 - 0x777fc000 	C:\WINDOWS\System32\SETUPAPI.dll
0x6ac20000 - 0x6adea000 	C:\WINDOWS\System32\DriverStore\FileRepository\iigd_dch.inf_amd64_68bcc6f9f228b6f0\igdgmm32.dll
0x62450000 - 0x62483000 	D:\jdk1.8.0_111\jre\bin\glass.dll
0x77880000 - 0x7792f000 	C:\WINDOWS\System32\COMDLG32.dll
0x62430000 - 0x62450000 	C:\WINDOWS\System32\DriverStore\FileRepository\iigd_dch.inf_amd64_68bcc6f9f228b6f0\igdinfo32.dll
0x683b0000 - 0x6ac20000 	C:\WINDOWS\System32\DriverStore\FileRepository\iigd_dch.inf_amd64_68bcc6f9f228b6f0\igc32.dll
0x700c0000 - 0x700ec000 	C:\WINDOWS\SYSTEM32\dxcore.dll
0x603c0000 - 0x6242b000 	D:\jdk1.8.0_111\jre\bin\jfxwebkit.dll
0x73d20000 - 0x73d33000 	C:\WINDOWS\SYSTEM32\CRYPTSP.dll
0x73cf0000 - 0x73d1f000 	C:\WINDOWS\system32\rsaenh.dll
0x73ce0000 - 0x73cea000 	C:\WINDOWS\SYSTEM32\CRYPTBASE.dll
0x70c20000 - 0x70c40000 	D:\jdk1.8.0_111\jre\bin\sunec.dll
0x603a0000 - 0x603b1000 	D:\jdk1.8.0_111\jre\bin\javafx_font.dll
0x74230000 - 0x74255000 	C:\WINDOWS\SYSTEM32\USERENV.dll
0x681a0000 - 0x683b0000 	C:\WINDOWS\SYSTEM32\dwrite.dll
0x755c0000 - 0x755f2000 	C:\WINDOWS\SYSTEM32\IPHLPAPI.DLL
0x77b80000 - 0x77b87000 	C:\WINDOWS\System32\NSI.dll
0x74b30000 - 0x74b44000 	C:\WINDOWS\SYSTEM32\dhcpcsvc6.DLL
0x74af0000 - 0x74b06000 	C:\WINDOWS\SYSTEM32\dhcpcsvc.DLL
0x74c80000 - 0x74d11000 	C:\WINDOWS\SYSTEM32\DNSAPI.dll
0x74360000 - 0x74369000 	D:\jdk1.8.0_111\jre\bin\sunmscapi.dll
0x765c0000 - 0x766ba000 	C:\WINDOWS\System32\CRYPT32.dll
0x74a30000 - 0x74a38000 	C:\Windows\System32\rasadhlp.dll
0x74a50000 - 0x74aa8000 	C:\WINDOWS\System32\fwpuclnt.dll
0x60330000 - 0x60395000 	D:\jdk1.8.0_111\jre\bin\glib-lite.dll
0x602a0000 - 0x60321000 	D:\jdk1.8.0_111\jre\bin\gstreamer-lite.dll
0x60280000 - 0x6029e000 	D:\jdk1.8.0_111\jre\bin\jfxmedia.dll
0x60270000 - 0x6027f000 	D:\jdk1.8.0_111\jre\bin\prism_common.dll
0x73b10000 - 0x73c98000 	C:\WINDOWS\SYSTEM32\dbghelp.dll

VM Arguments:
jvm_args: -Dfile.encoding=UTF-8 
java_command: catastro.Catastro
java_class_path (initial): C:\Program Files (x86)\NetBeans 8.2\java\modules\ext\AbsoluteLayout.jar;C:\Users\edwin\Desktop\Copia1_Catastro\librery;C:\Users\edwin\Desktop\NUEVO_VENTAS\PROGRAMACION\Copia1_Catastro\librery\qrgen-1.2.jar;C:\Users\edwin\Desktop\NUEVO_VENTAS\PROGRAMACION\Copia1_Catastro\librery\tools.jar;C:\Users\edwin\Desktop\NUEVO_VENTAS\PROGRAMACION\Copia1_Catastro\librery\zxing-core-1.7.jar;C:\Users\edwin\Desktop\NUEVO_VENTAS\PROGRAMACION\Copia1_Catastro\librery\zxing-j2se-1.7.jar;C:\Users\edwin\Desktop\NUEVO_VENTAS\PROGRAMACION\Copia1_Catastro\librery\zxing-core-2.0.jar;C:\Users\edwin\Desktop\NUEVO_VENTAS\PROGRAMACION\Copia1_Catastro\librery\Degradado\KGradientPanel.jar;C:\Users\edwin\Desktop\NUEVO_VENTAS\PROGRAMACION\Copia1_Catastro\librery\BORDES REDONDOS\JTextFieldRound.jar;C:\Users\edwin\Desktop\NUEVO_VENTAS\PROGRAMACION\Copia1_Catastro\librery;C:\Users\edwin\Desktop\NUEVO_VENTAS\PROGRAMACION\Copia1_Catastro\librery\Desplazable.jar;C:\Users\edwin\Desktop\NUEVO_VENTAS\PROGRAMACION\Copia1_Catastro\librery\AnimatonClass.jar;C:\Users\edwin\Desktop\NUEVO_VENTAS\PROGRAMACION\Copia1_Catastro\librery\AbsoluteLayout.jar;C:\Users\edwin\Desktop\NUEVO_VENTAS\PROGRAMACION\Copia1_Catastro\librery\mysql-connector-java-5.1.23-bin.jar;C:\Users\edwin\Desktop\NUEVO_VENTAS\PROGRAMACION\Copia1_Catastro\librery\mysql-connector-java-8.0.26.jar;C:\Users\edwin\Desktop\NUEVO_VENTAS\PROGRAMACION\Copia1_Catastro\librery\org-jdesktop-layout.jar;C:\Users\edwin\Desktop\NUEVO_VENTAS\PROGRAMACION\Copia1_Catastro\librery\swingx-all-1.6.4.jar;C:\Users\edwin\Desktop\NUEVO_VENTAS\PROGRAMACION\Copia1_Catastro\librery\swingx-autocomplete-1.6.5-1.jar;C:\Users\edwin\Desktop\NUEVO_VENTAS\PROGRAMACION\Copia1_Catastro\librery\swingx-common-1.6.5-1.jar;C:\Users\edwin\Desktop\NUEVO_VENTAS\PROGRAMACION\Copia1_Catastro\build\classes
Launcher Type: SUN_STANDARD

Environment Variables:
PATH=C:\Program Files (x86)\Common Files\Intel\Shared Libraries\redist\intel64\compiler;C:\Program Files (x86)\Common Files\Oracle\Java\javapath;C:\ProgramData\Oracle\Java\javapath;C:\Windows\system32;C:\Windows;C:\Windows\System32\Wbem;C:\Windows\System32\WindowsPowerShell\v1.0\;C:\Windows\System32\OpenSSH\;C:\Program Files (x86)\NVIDIA Corporation\PhysX\Common;C:\Program Files\NVIDIA Corporation\NVIDIA NvDLISR;C:\WINDOWS\system32;C:\WINDOWS;C:\WINDOWS\System32\Wbem;C:\WINDOWS\System32\WindowsPowerShell\v1.0\;C:\WINDOWS\System32\OpenSSH\;C:\Program Files\Microsoft SQL Server\Client SDK\ODBC\170\Tools\Binn\;C:\Program Files (x86)\Microsoft SQL Server\150\Tools\Binn\;C:\Program Files\Microsoft SQL Server\150\Tools\Binn\;C:\Program Files\Microsoft SQL Server\150\DTS\Binn\;C:\ProgramData\chocolatey\bin;C:\Users\edwin\AppData\Local\Microsoft\WindowsApps
USERNAME=edwin
OS=Windows_NT
PROCESSOR_IDENTIFIER=Intel64 Family 6 Model 142 Stepping 12, GenuineIntel



---------------  S Y S T E M  ---------------

OS: Windows 10.0 , 64 bit Build 19041 (10.0.19041.1348)

CPU:total 8 (4 cores per cpu, 2 threads per core) family 6 model 142 stepping 12, cmov, cx8, fxsr, mmx, sse, sse2, sse3, ssse3, sse4.1, sse4.2, popcnt, avx, avx2, aes, clmul, erms, 3dnowpref, lzcnt, ht, tsc, tscinvbit, bmi1, bmi2, adx

Memory: 4k page, physical 16608660k(6518220k free), swap 19099028k(3605448k free)

vm_info: Java HotSpot(TM) Client VM (25.111-b14) for windows-x86 JRE (1.8.0_111-b14), built on Sep 22 2016 18:54:33 by "java_re" with MS VC++ 10.0 (VS2010)

time: Tue Dec 28 17:19:56 2021
elapsed time: 91 seconds (0d 0h 1m 31s)

